<?xml version="1.0" encoding="UTF-8"?>
<testng-results skipped="0" failed="0" total="2" passed="2">
  <reporter-output>
  </reporter-output>
  <suite name="TestingSuite" duration-ms="13564" started-at="2018-12-13T14:43:25Z" finished-at="2018-12-13T14:43:39Z">
    <groups>
    </groups>
    <test name="Test1" duration-ms="13564" started-at="2018-12-13T14:43:25Z" finished-at="2018-12-13T14:43:39Z">
      <class name="sampleClass">
        <test-method status="PASS" signature="sampleTest()[pri:0, instance:sampleClass@1e67b872]" name="sampleTest" duration-ms="10392" started-at="2018-12-13T16:43:25Z" finished-at="2018-12-13T16:43:36Z">
          <reporter-output>
          </reporter-output>
        </test-method> <!-- sampleTest -->
      </class> <!-- sampleClass -->
      <class name="MOOD950449T1">
        <test-method status="PASS" signature="setUp()[pri:0, instance:MOOD950449T1@5d624da6]" name="setUp" is-config="true" duration-ms="6996" started-at="2018-12-13T16:43:25Z" finished-at="2018-12-13T16:43:32Z">
          <reporter-output>
          </reporter-output>
        </test-method> <!-- setUp -->
        <test-method status="PASS" signature="testMOOD950449T1()[pri:0, instance:MOOD950449T1@5d624da6]" name="testMOOD950449T1" duration-ms="5320" started-at="2018-12-13T16:43:32Z" finished-at="2018-12-13T16:43:38Z">
          <reporter-output>
          </reporter-output>
        </test-method> <!-- testMOOD950449T1 -->
        <test-method status="PASS" signature="tearDown()[pri:0, instance:MOOD950449T1@5d624da6]" name="tearDown" is-config="true" duration-ms="1231" started-at="2018-12-13T16:43:38Z" finished-at="2018-12-13T16:43:39Z">
          <reporter-output>
          </reporter-output>
        </test-method> <!-- tearDown -->
      </class> <!-- MOOD950449T1 -->
    </test> <!-- Test1 -->
  </suite> <!-- TestingSuite -->
</testng-results>
